<?xml version="1.0" encoding="UTF-8"?>
<testsuite xmlns:xsi="http://www.w3.org/2001/XMLSchema-instance" xsi:noNamespaceSchemaLocation="https://maven.apache.org/surefire/maven-surefire-plugin/xsd/surefire-test-report-3.0.xsd" version="3.0" name="com.racing.AppTest" time="0.031" tests="1" errors="0" skipped="0" failures="0">
  <properties>
    <property name="java.specification.version" value="21"/>
    <property name="sun.jnu.encoding" value="UTF-8"/>
    <property name="java.class.path" value="/Users/timohaverich/Google Drive/Studium_Bachelor_Informatik/3-Semester/Software-Projektmanagement/racing/target/test-classes:/Users/timohaverich/Google Drive/Studium_Bachelor_Informatik/3-Semester/Software-Projektmanagement/racing/target/classes:/Users/timohaverich/.m2/repository/junit/junit/3.8.1/junit-3.8.1.jar:/Users/timohaverich/.m2/repository/io/socket/socket.io-client/1.0.0/socket.io-client-1.0.0.jar:/Users/timohaverich/.m2/repository/io/socket/engine.io-client/1.0.0/engine.io-client-1.0.0.jar:/Users/timohaverich/.m2/repository/com/squareup/okhttp3/okhttp/3.8.1/okhttp-3.8.1.jar:/Users/timohaverich/.m2/repository/com/squareup/okio/okio/1.13.0/okio-1.13.0.jar:/Users/timohaverich/.m2/repository/org/json/json/20090211/json-20090211.jar:"/>
    <property name="java.vm.vendor" value="Homebrew"/>
    <property name="sun.arch.data.model" value="64"/>
    <property name="java.vendor.url" value="https://github.com/Homebrew/homebrew-core/issues"/>
    <property name="os.name" value="Mac OS X"/>
    <property name="java.vm.specification.version" value="21"/>
    <property name="sun.java.launcher" value="SUN_STANDARD"/>
    <property name="user.country" value="DE"/>
    <property name="sun.boot.library.path" value="/usr/local/Cellar/openjdk/21.0.1/libexec/openjdk.jdk/Contents/Home/lib"/>
    <property name="sun.java.command" value="/Users/timohaverich/Google Drive/Studium_Bachelor_Informatik/3-Semester/Software-Projektmanagement/racing/target/surefire/surefirebooter-20231117122727065_3.jar /Users/timohaverich/Google Drive/Studium_Bachelor_Informatik/3-Semester/Software-Projektmanagement/racing/target/surefire 2023-11-17T12-27-26_954-jvmRun1 surefire-20231117122727065_1tmp surefire_0-20231117122727065_2tmp"/>
    <property name="http.nonProxyHosts" value="local|*.local|169.254/16|*.169.254/16"/>
    <property name="jdk.debug" value="release"/>
    <property name="surefire.test.class.path" value="/Users/timohaverich/Google Drive/Studium_Bachelor_Informatik/3-Semester/Software-Projektmanagement/racing/target/test-classes:/Users/timohaverich/Google Drive/Studium_Bachelor_Informatik/3-Semester/Software-Projektmanagement/racing/target/classes:/Users/timohaverich/.m2/repository/junit/junit/3.8.1/junit-3.8.1.jar:/Users/timohaverich/.m2/repository/io/socket/socket.io-client/1.0.0/socket.io-client-1.0.0.jar:/Users/timohaverich/.m2/repository/io/socket/engine.io-client/1.0.0/engine.io-client-1.0.0.jar:/Users/timohaverich/.m2/repository/com/squareup/okhttp3/okhttp/3.8.1/okhttp-3.8.1.jar:/Users/timohaverich/.m2/repository/com/squareup/okio/okio/1.13.0/okio-1.13.0.jar:/Users/timohaverich/.m2/repository/org/json/json/20090211/json-20090211.jar:"/>
    <property name="sun.cpu.endian" value="little"/>
    <property name="user.home" value="/Users/timohaverich"/>
    <property name="user.language" value="de"/>
    <property name="java.specification.vendor" value="Oracle Corporation"/>
    <property name="java.version.date" value="2023-10-17"/>
    <property name="java.home" value="/usr/local/Cellar/openjdk/21.0.1/libexec/openjdk.jdk/Contents/Home"/>
    <property name="file.separator" value="/"/>
    <property name="basedir" value="/Users/timohaverich/Google Drive/Studium_Bachelor_Informatik/3-Semester/Software-Projektmanagement/racing"/>
    <property name="java.vm.compressedOopsMode" value="Zero based"/>
    <property name="line.separator" value="&#10;"/>
    <property name="java.vm.specification.vendor" value="Oracle Corporation"/>
    <property name="java.specification.name" value="Java Platform API Specification"/>
    <property name="apple.awt.application.name" value="ForkedBooter"/>
    <property name="surefire.real.class.path" value="/Users/timohaverich/Google Drive/Studium_Bachelor_Informatik/3-Semester/Software-Projektmanagement/racing/target/surefire/surefirebooter-20231117122727065_3.jar"/>
    <property name="sun.management.compiler" value="HotSpot 64-Bit Tiered Compilers"/>
    <property name="ftp.nonProxyHosts" value="local|*.local|169.254/16|*.169.254/16"/>
    <property name="java.runtime.version" value="21.0.1"/>
    <property name="user.name" value="timohaverich"/>
    <property name="stdout.encoding" value="UTF-8"/>
    <property name="path.separator" value=":"/>
    <property name="os.version" value="14.0"/>
    <property name="java.runtime.name" value="OpenJDK Runtime Environment"/>
    <property name="file.encoding" value="UTF-8"/>
    <property name="java.vm.name" value="OpenJDK 64-Bit Server VM"/>
    <property name="java.vendor.version" value="Homebrew"/>
    <property name="localRepository" value="/Users/timohaverich/.m2/repository"/>
    <property name="java.vendor.url.bug" value="https://github.com/Homebrew/homebrew-core/issues"/>
    <property name="java.io.tmpdir" value="/var/folders/fn/y9d57c914wjdqh4ptfs7fr7m0000gn/T/"/>
    <property name="java.version" value="21.0.1"/>
    <property name="user.dir" value="/Users/timohaverich/Google Drive/Studium_Bachelor_Informatik/3-Semester/Software-Projektmanagement/racing"/>
    <property name="os.arch" value="x86_64"/>
    <property name="java.vm.specification.name" value="Java Virtual Machine Specification"/>
    <property name="native.encoding" value="UTF-8"/>
    <property name="java.library.path" value="/Users/timohaverich/Library/Java/Extensions:/Library/Java/Extensions:/Network/Library/Java/Extensions:/System/Library/Java/Extensions:/usr/lib/java:."/>
    <property name="java.vm.info" value="mixed mode, sharing"/>
    <property name="stderr.encoding" value="UTF-8"/>
    <property name="java.vendor" value="Homebrew"/>
    <property name="java.vm.version" value="21.0.1"/>
    <property name="sun.io.unicode.encoding" value="UnicodeBig"/>
    <property name="socksNonProxyHosts" value="local|*.local|169.254/16|*.169.254/16"/>
    <property name="java.class.version" value="65.0"/>
  </properties>
  <testcase name="testApp" classname="com.racing.AppTest" time="0.003"/>
</testsuite>